<?xml version="1.0" encoding="UTF-8"?>
<testsuite xmlns:xsi="http://www.w3.org/2001/XMLSchema-instance" xsi:noNamespaceSchemaLocation="https://maven.apache.org/surefire/maven-surefire-plugin/xsd/surefire-test-report.xsd" name="runners.Runner" time="126.75" tests="10" errors="1" skipped="0" failures="1">
  <properties>
[...]
</properties>
  <testcase name="Validate Google search" classname="Google Search Functionality" time="23.227"/>
  <testcase name="Validate Google search results" classname="Google Search Functionality" time="19.412"/>
  <testcase name="Validate add/remove element page" classname="HeroApp Functionalities" time="8.361">
    <error message="The heading3 text is not defined properly in the feature file!!!&#10;Build info: version: &apos;3.141.59&apos;, revision: &apos;e82be7d358&apos;, time: &apos;2018-11-14T08:17:03&apos;&#10;System info: host: &apos;Reginas-MacBook-Pro.local&apos;, ip: &apos;2600:1008:b121:ee3:f807:6e6e:bf14:e054%en0&apos;, os.name: &apos;Mac OS X&apos;, os.arch: &apos;aarch64&apos;, os.version: &apos;12.2&apos;, java.version: &apos;18.0.1&apos;&#10;Driver info: driver.version: unknown" type="org.openqa.selenium.NotFoundException">org.openqa.selenium.NotFoundException: 
The heading3 text is not defined properly in the feature file!!!
Build info: version: '3.141.59', revision: 'e82be7d358', time: '2018-11-14T08:17:03'
System info: host: 'Reginas-MacBook-Pro.local', ip: '2600:1008:b121:ee3:f807:6e6e:bf14:e054%en0', os.name: 'Mac OS X', os.arch: 'aarch64', os.version: '12.2', java.version: '18.0.1'
Driver info: driver.version: unknown
</error>
    <system-out><![CDATA[Scenario = Validate add/remove element page
status = FAILED
]]></system-out>
    <system-err><![CDATA[Starting ChromeDriver 102.0.5005.61 (0e59bcc00cc4985ce39ad31c150065f159d95ad3-refs/branch-heads/5005@{#819}) on port 32980
Only local connections are allowed.
Please see https://chromedriver.chromium.org/security-considerations for suggestions on keeping ChromeDriver safe.
ChromeDriver was started successfully.
Jun 21, 2022 8:35:41 PM org.openqa.selenium.remote.ProtocolHandshake createSession
INFO: Detected dialect: W3C
]]></system-err>
  </testcase>
  <testcase name="Validate context menu page" classname="HeroApp Functionalities" time="9.651"/>
  <testcase name="Validate Wiki search" classname="Wiki Search Functionality" time="12.863"/>
  <testcase name="Validate Wiki search" classname="Wiki Search Functionality" time="11.81"/>
  <testcase name="Validate Wiki search" classname="Wiki Search Functionality" time="12.027">
    <failure type="java.lang.AssertionError">java.lang.AssertionError
</failure>
    <system-out><![CDATA[Scenario = Validate Wiki search
status = FAILED
]]></system-out>
    <system-err><![CDATA[Starting ChromeDriver 102.0.5005.61 (0e59bcc00cc4985ce39ad31c150065f159d95ad3-refs/branch-heads/5005@{#819}) on port 33348
Only local connections are allowed.
Please see https://chromedriver.chromium.org/security-considerations for suggestions on keeping ChromeDriver safe.
ChromeDriver was started successfully.
Jun 21, 2022 8:36:24 PM org.openqa.selenium.remote.ProtocolHandshake createSession
INFO: Detected dialect: W3C
]]></system-err>
  </testcase>
  <testcase name="Validate Wiki search" classname="Wiki Search Functionality" time="9.812"/>
  <testcase name="Validate Wiki search" classname="Wiki Search Functionality" time="9.431"/>
  <testcase name="Validate Wiki search" classname="Wiki Search Functionality" time="9.815"/>
</testsuite>